<component name="libraryTable">
  <library name="junit-jupiter-api-5.9.2">
    <CLASSES>
      <root url="jar://$PROJECT_DIR$/../../../ja installation/junit-jupiter-api-5.9.2.jar!/" />
    </CLASSES>
    <JAVADOC />
    <SOURCES />
  </library>
</component>